This file contains any messages produced by compilers while
running configure, to aid debugging if configure makes a mistake.

It was created by apigenome configure 0.0.3, which was
generated by GNU Autoconf 2.68.  Invocation command line was

  $ ./configure --prefix /net/fantasia/home/hmkang/tools/tmpdir --no-create --no-recursion

## --------- ##
## Platform. ##
## --------- ##

hostname = fantasia
uname -m = x86_64
uname -r = 3.4.61
uname -s = Linux
uname -v = #1 SMP Tue Sep 10 16:49:43 EDT 2013

/usr/bin/uname -p = unknown
/bin/uname -X     = unknown

/bin/arch              = unknown
/usr/bin/arch -k       = unknown
/usr/convex/getsysinfo = unknown
/usr/bin/hostinfo      = unknown
/bin/machine           = unknown
/usr/bin/oslevel       = unknown
/bin/universe          = unknown

PATH: /home/hmkang/bin
PATH: /usr/local/sbin
PATH: /usr/local/bin
PATH: /usr/sbin
PATH: /usr/bin
PATH: /sbin
PATH: /bin
PATH: /usr/games
PATH: /usr/cluster/bin
PATH: /net/fantasia/home/hmkang/bin
PATH: /net/fantasia/home/hmkang/.local/bin
PATH: /usr/cluster/bin
PATH: /net/fantasia/home/hmkang/tools/scala/bin


## ----------- ##
## Core tests. ##
## ----------- ##

configure:2557: checking for a BSD-compatible install
configure:2625: result: /usr/bin/install -c
configure:2636: checking whether build environment is sane
configure:2686: result: yes
configure:2827: checking for a thread-safe mkdir -p
configure:2866: result: /bin/mkdir -p
configure:2879: checking for gawk
configure:2895: found /usr/bin/gawk
configure:2906: result: gawk
configure:2917: checking whether make sets $(MAKE)
configure:2939: result: yes
configure:3053: checking build system type
configure:3067: result: x86_64-unknown-linux-gnu
configure:3087: checking host system type
configure:3100: result: x86_64-unknown-linux-gnu
configure:3141: checking how to print strings
configure:3168: result: printf
configure:3201: checking for style of include used by make
configure:3229: result: GNU
configure:3300: checking for gcc
configure:3316: found /usr/bin/gcc
configure:3327: result: gcc
configure:3556: checking for C compiler version
configure:3565: gcc --version >&5
gcc (Ubuntu 4.8.1-2ubuntu1~12.04) 4.8.1
Copyright (C) 2013 Free Software Foundation, Inc.
This is free software; see the source for copying conditions.  There is NO
warranty; not even for MERCHANTABILITY or FITNESS FOR A PARTICULAR PURPOSE.

configure:3576: $? = 0
configure:3565: gcc -v >&5
Using built-in specs.
COLLECT_GCC=gcc
COLLECT_LTO_WRAPPER=/usr/lib/gcc/x86_64-linux-gnu/4.8/lto-wrapper
Target: x86_64-linux-gnu
Configured with: ../src/configure -v --with-pkgversion='Ubuntu 4.8.1-2ubuntu1~12.04' --with-bugurl=file:///usr/share/doc/gcc-4.8/README.Bugs --enable-languages=c,c++,java,go,d,fortran,objc,obj-c++ --prefix=/usr --program-suffix=-4.8 --enable-shared --enable-linker-build-id --libexecdir=/usr/lib --without-included-gettext --enable-threads=posix --with-gxx-include-dir=/usr/include/c++/4.8 --libdir=/usr/lib --enable-nls --with-sysroot=/ --enable-clocale=gnu --enable-libstdcxx-debug --enable-libstdcxx-time=yes --enable-gnu-unique-object --enable-plugin --with-system-zlib --disable-browser-plugin --enable-java-awt=gtk --enable-gtk-cairo --with-java-home=/usr/lib/jvm/java-1.5.0-gcj-4.8-amd64/jre --enable-java-home --with-jvm-root-dir=/usr/lib/jvm/java-1.5.0-gcj-4.8-amd64 --with-jvm-jar-dir=/usr/lib/jvm-exports/java-1.5.0-gcj-4.8-amd64 --with-arch-directory=amd64 --with-ecj-jar=/usr/share/java/eclipse-ecj.jar --enable-objc-gc --enable-multiarch --disable-werror --with-arch-32=i686 --with-abi=m64 --with-multilib-list=m32,m64 --with-tune=generic --enable-checking=release --build=x86_64-linux-gnu --host=x86_64-linux-gnu --target=x86_64-linux-gnu
Thread model: posix
gcc version 4.8.1 (Ubuntu 4.8.1-2ubuntu1~12.04) 
configure:3576: $? = 0
configure:3565: gcc -V >&5
gcc: error: unrecognized command line option '-V'
gcc: fatal error: no input files
compilation terminated.
configure:3576: $? = 4
configure:3565: gcc -qversion >&5
gcc: error: unrecognized command line option '-qversion'
gcc: fatal error: no input files
compilation terminated.
configure:3576: $? = 4
configure:3596: checking whether the C compiler works
configure:3618: gcc    conftest.c  >&5
configure:3622: $? = 0
configure:3670: result: yes
configure:3673: checking for C compiler default output file name
configure:3675: result: a.out
configure:3681: checking for suffix of executables
configure:3688: gcc -o conftest    conftest.c  >&5
configure:3692: $? = 0
configure:3714: result: 
configure:3736: checking whether we are cross compiling
configure:3744: gcc -o conftest    conftest.c  >&5
configure:3748: $? = 0
configure:3755: ./conftest
configure:3759: $? = 0
configure:3774: result: no
configure:3779: checking for suffix of object files
configure:3801: gcc -c   conftest.c >&5
configure:3805: $? = 0
configure:3826: result: o
configure:3830: checking whether we are using the GNU C compiler
configure:3849: gcc -c   conftest.c >&5
configure:3849: $? = 0
configure:3858: result: yes
configure:3867: checking whether gcc accepts -g
configure:3887: gcc -c -g  conftest.c >&5
configure:3887: $? = 0
configure:3928: result: yes
configure:3945: checking for gcc option to accept ISO C89
configure:4009: gcc  -c -g -O2  conftest.c >&5
configure:4009: $? = 0
configure:4022: result: none needed
configure:4044: checking dependency style of gcc
configure:4155: result: gcc3
configure:4170: checking for a sed that does not truncate output
configure:4234: result: /bin/sed
configure:4252: checking for grep that handles long lines and -e
configure:4310: result: /bin/grep
configure:4315: checking for egrep
configure:4377: result: /bin/grep -E
configure:4382: checking for fgrep
configure:4444: result: /bin/grep -F
configure:4479: checking for ld used by gcc
configure:4546: result: /usr/bin/ld
configure:4553: checking if the linker (/usr/bin/ld) is GNU ld
configure:4568: result: yes
configure:4580: checking for BSD- or MS-compatible name lister (nm)
configure:4629: result: /usr/bin/nm -B
configure:4759: checking the name lister (/usr/bin/nm -B) interface
configure:4766: gcc -c -g -O2  conftest.c >&5
configure:4769: /usr/bin/nm -B "conftest.o"
configure:4772: output
0000000000000000 B some_variable
configure:4779: result: BSD nm
configure:4782: checking whether ln -s works
configure:4786: result: yes
configure:4794: checking the maximum length of command line arguments
configure:4924: result: 3458764513820540925
configure:4941: checking whether the shell understands some XSI constructs
configure:4951: result: yes
configure:4955: checking whether the shell understands "+="
configure:4961: result: yes
configure:4996: checking how to convert x86_64-unknown-linux-gnu file names to x86_64-unknown-linux-gnu format
configure:5036: result: func_convert_file_noop
configure:5043: checking how to convert x86_64-unknown-linux-gnu file names to toolchain format
configure:5063: result: func_convert_file_noop
configure:5070: checking for /usr/bin/ld option to reload object files
configure:5077: result: -r
configure:5151: checking for objdump
configure:5167: found /usr/bin/objdump
configure:5178: result: objdump
configure:5210: checking how to recognize dependent libraries
configure:5412: result: pass_all
configure:5497: checking for dlltool
configure:5527: result: no
configure:5557: checking how to associate runtime and link libraries
configure:5584: result: printf %s\n
configure:5645: checking for ar
configure:5661: found /usr/bin/ar
configure:5672: result: ar
configure:5709: checking for archiver @FILE support
configure:5726: gcc -c -g -O2  conftest.c >&5
configure:5726: $? = 0
configure:5729: ar cru libconftest.a @conftest.lst >&5
configure:5732: $? = 0
configure:5737: ar cru libconftest.a @conftest.lst >&5
ar: conftest.o: No such file or directory
configure:5740: $? = 1
configure:5752: result: @
configure:5810: checking for strip
configure:5826: found /usr/bin/strip
configure:5837: result: strip
configure:5909: checking for ranlib
configure:5925: found /usr/bin/ranlib
configure:5936: result: ranlib
configure:6038: checking command to parse /usr/bin/nm -B output from gcc object
configure:6158: gcc -c -g -O2  conftest.c >&5
configure:6161: $? = 0
configure:6165: /usr/bin/nm -B conftest.o \| sed -n -e 's/^.*[ ]\([ABCDGIRSTW][ABCDGIRSTW]*\)[ ][ ]*\([_A-Za-z][_A-Za-z0-9]*\)$/\1 \2 \2/p' | sed '/ __gnu_lto/d' \> conftest.nm
configure:6168: $? = 0
configure:6234: gcc -o conftest -g -O2   conftest.c conftstm.o >&5
configure:6237: $? = 0
configure:6275: result: ok
configure:6312: checking for sysroot
configure:6342: result: no
configure:6419: gcc -c -g -O2  conftest.c >&5
configure:6422: $? = 0
configure:6598: checking for mt
configure:6614: found /bin/mt
configure:6625: result: mt
configure:6648: checking if mt is a manifest tool
configure:6654: mt '-?'
configure:6662: result: no
configure:7304: checking how to run the C preprocessor
configure:7335: gcc -E  conftest.c
configure:7335: $? = 0
configure:7349: gcc -E  conftest.c
conftest.c:11:28: fatal error: ac_nonexistent.h: No such file or directory
 #include <ac_nonexistent.h>
                            ^
compilation terminated.
configure:7349: $? = 1
configure: failed program was:
| /* confdefs.h */
| #define PACKAGE_NAME "apigenome"
| #define PACKAGE_TARNAME "apigenome"
| #define PACKAGE_VERSION "0.0.3"
| #define PACKAGE_STRING "apigenome 0.0.3"
| #define PACKAGE_BUGREPORT "hmkang@umich.edu"
| #define PACKAGE_URL ""
| #define PACKAGE "apigenome"
| #define VERSION "0.0.3"
| /* end confdefs.h.  */
| #include <ac_nonexistent.h>
configure:7374: result: gcc -E
configure:7394: gcc -E  conftest.c
configure:7394: $? = 0
configure:7408: gcc -E  conftest.c
conftest.c:11:28: fatal error: ac_nonexistent.h: No such file or directory
 #include <ac_nonexistent.h>
                            ^
compilation terminated.
configure:7408: $? = 1
configure: failed program was:
| /* confdefs.h */
| #define PACKAGE_NAME "apigenome"
| #define PACKAGE_TARNAME "apigenome"
| #define PACKAGE_VERSION "0.0.3"
| #define PACKAGE_STRING "apigenome 0.0.3"
| #define PACKAGE_BUGREPORT "hmkang@umich.edu"
| #define PACKAGE_URL ""
| #define PACKAGE "apigenome"
| #define VERSION "0.0.3"
| /* end confdefs.h.  */
| #include <ac_nonexistent.h>
configure:7437: checking for ANSI C header files
configure:7457: gcc -c -g -O2  conftest.c >&5
configure:7457: $? = 0
configure:7530: gcc -o conftest -g -O2   conftest.c  >&5
configure:7530: $? = 0
configure:7530: ./conftest
configure:7530: $? = 0
configure:7541: result: yes
configure:7554: checking for sys/types.h
configure:7554: gcc -c -g -O2  conftest.c >&5
configure:7554: $? = 0
configure:7554: result: yes
configure:7554: checking for sys/stat.h
configure:7554: gcc -c -g -O2  conftest.c >&5
configure:7554: $? = 0
configure:7554: result: yes
configure:7554: checking for stdlib.h
configure:7554: gcc -c -g -O2  conftest.c >&5
configure:7554: $? = 0
configure:7554: result: yes
configure:7554: checking for string.h
configure:7554: gcc -c -g -O2  conftest.c >&5
configure:7554: $? = 0
configure:7554: result: yes
configure:7554: checking for memory.h
configure:7554: gcc -c -g -O2  conftest.c >&5
configure:7554: $? = 0
configure:7554: result: yes
configure:7554: checking for strings.h
configure:7554: gcc -c -g -O2  conftest.c >&5
configure:7554: $? = 0
configure:7554: result: yes
configure:7554: checking for inttypes.h
configure:7554: gcc -c -g -O2  conftest.c >&5
configure:7554: $? = 0
configure:7554: result: yes
configure:7554: checking for stdint.h
configure:7554: gcc -c -g -O2  conftest.c >&5
configure:7554: $? = 0
configure:7554: result: yes
configure:7554: checking for unistd.h
configure:7554: gcc -c -g -O2  conftest.c >&5
configure:7554: $? = 0
configure:7554: result: yes
configure:7568: checking for dlfcn.h
configure:7568: gcc -c -g -O2  conftest.c >&5
configure:7568: $? = 0
configure:7568: result: yes
configure:7774: checking for objdir
configure:7789: result: .libs
configure:8060: checking if gcc supports -fno-rtti -fno-exceptions
configure:8078: gcc -c -g -O2  -fno-rtti -fno-exceptions conftest.c >&5
cc1: warning: command line option '-fno-rtti' is valid for C++/ObjC++ but not for C [enabled by default]
configure:8082: $? = 0
configure:8095: result: no
configure:8422: checking for gcc option to produce PIC
configure:8429: result: -fPIC -DPIC
configure:8437: checking if gcc PIC flag -fPIC -DPIC works
configure:8455: gcc -c -g -O2  -fPIC -DPIC -DPIC conftest.c >&5
configure:8459: $? = 0
configure:8472: result: yes
configure:8501: checking if gcc static flag -static works
configure:8529: result: yes
configure:8544: checking if gcc supports -c -o file.o
configure:8565: gcc -c -g -O2  -o out/conftest2.o conftest.c >&5
configure:8569: $? = 0
configure:8591: result: yes
configure:8599: checking if gcc supports -c -o file.o
configure:8646: result: yes
configure:8679: checking whether the gcc linker (/usr/bin/ld -m elf_x86_64) supports shared libraries
configure:9836: result: yes
configure:9873: checking whether -lc should be explicitly linked in
configure:9881: gcc -c -g -O2  conftest.c >&5
configure:9884: $? = 0
configure:9899: gcc -shared  -fPIC -DPIC conftest.o  -v -Wl,-soname -Wl,conftest -o conftest 2\>\&1 \| /bin/grep  -lc  \>/dev/null 2\>\&1
configure:9902: $? = 0
configure:9916: result: no
configure:10076: checking dynamic linker characteristics
configure:10587: gcc -o conftest -g -O2   -Wl,-rpath -Wl,/foo conftest.c  >&5
configure:10587: $? = 0
configure:10821: result: GNU/Linux ld.so
configure:10928: checking how to hardcode library paths into programs
configure:10953: result: immediate
configure:11493: checking whether stripping libraries is possible
configure:11498: result: yes
configure:11533: checking if libtool supports shared libraries
configure:11535: result: yes
configure:11538: checking whether to build shared libraries
configure:11559: result: yes
configure:11562: checking whether to build static libraries
configure:11566: result: yes
configure:11720: checking for g++
configure:11736: found /usr/bin/g++
configure:11747: result: g++
configure:11774: checking for C++ compiler version
configure:11783: g++ --version >&5
g++ (Ubuntu 4.8.1-2ubuntu1~12.04) 4.8.1
Copyright (C) 2013 Free Software Foundation, Inc.
This is free software; see the source for copying conditions.  There is NO
warranty; not even for MERCHANTABILITY or FITNESS FOR A PARTICULAR PURPOSE.

configure:11794: $? = 0
configure:11783: g++ -v >&5
Using built-in specs.
COLLECT_GCC=g++
COLLECT_LTO_WRAPPER=/usr/lib/gcc/x86_64-linux-gnu/4.8/lto-wrapper
Target: x86_64-linux-gnu
Configured with: ../src/configure -v --with-pkgversion='Ubuntu 4.8.1-2ubuntu1~12.04' --with-bugurl=file:///usr/share/doc/gcc-4.8/README.Bugs --enable-languages=c,c++,java,go,d,fortran,objc,obj-c++ --prefix=/usr --program-suffix=-4.8 --enable-shared --enable-linker-build-id --libexecdir=/usr/lib --without-included-gettext --enable-threads=posix --with-gxx-include-dir=/usr/include/c++/4.8 --libdir=/usr/lib --enable-nls --with-sysroot=/ --enable-clocale=gnu --enable-libstdcxx-debug --enable-libstdcxx-time=yes --enable-gnu-unique-object --enable-plugin --with-system-zlib --disable-browser-plugin --enable-java-awt=gtk --enable-gtk-cairo --with-java-home=/usr/lib/jvm/java-1.5.0-gcj-4.8-amd64/jre --enable-java-home --with-jvm-root-dir=/usr/lib/jvm/java-1.5.0-gcj-4.8-amd64 --with-jvm-jar-dir=/usr/lib/jvm-exports/java-1.5.0-gcj-4.8-amd64 --with-arch-directory=amd64 --with-ecj-jar=/usr/share/java/eclipse-ecj.jar --enable-objc-gc --enable-multiarch --disable-werror --with-arch-32=i686 --with-abi=m64 --with-multilib-list=m32,m64 --with-tune=generic --enable-checking=release --build=x86_64-linux-gnu --host=x86_64-linux-gnu --target=x86_64-linux-gnu
Thread model: posix
gcc version 4.8.1 (Ubuntu 4.8.1-2ubuntu1~12.04) 
configure:11794: $? = 0
configure:11783: g++ -V >&5
g++: error: unrecognized command line option '-V'
g++: fatal error: no input files
compilation terminated.
configure:11794: $? = 4
configure:11783: g++ -qversion >&5
g++: error: unrecognized command line option '-qversion'
g++: fatal error: no input files
compilation terminated.
configure:11794: $? = 4
configure:11798: checking whether we are using the GNU C++ compiler
configure:11817: g++ -c   conftest.cpp >&5
configure:11817: $? = 0
configure:11826: result: yes
configure:11835: checking whether g++ accepts -g
configure:11855: g++ -c -g  conftest.cpp >&5
configure:11855: $? = 0
configure:11896: result: yes
configure:11921: checking dependency style of g++
configure:12032: result: gcc3
configure:12065: checking how to run the C++ preprocessor
configure:12092: g++ -E  conftest.cpp
configure:12092: $? = 0
configure:12106: g++ -E  conftest.cpp
conftest.cpp:23:28: fatal error: ac_nonexistent.h: No such file or directory
 #include <ac_nonexistent.h>
                            ^
compilation terminated.
configure:12106: $? = 1
configure: failed program was:
| /* confdefs.h */
| #define PACKAGE_NAME "apigenome"
| #define PACKAGE_TARNAME "apigenome"
| #define PACKAGE_VERSION "0.0.3"
| #define PACKAGE_STRING "apigenome 0.0.3"
| #define PACKAGE_BUGREPORT "hmkang@umich.edu"
| #define PACKAGE_URL ""
| #define PACKAGE "apigenome"
| #define VERSION "0.0.3"
| #define STDC_HEADERS 1
| #define HAVE_SYS_TYPES_H 1
| #define HAVE_SYS_STAT_H 1
| #define HAVE_STDLIB_H 1
| #define HAVE_STRING_H 1
| #define HAVE_MEMORY_H 1
| #define HAVE_STRINGS_H 1
| #define HAVE_INTTYPES_H 1
| #define HAVE_STDINT_H 1
| #define HAVE_UNISTD_H 1
| #define HAVE_DLFCN_H 1
| #define LT_OBJDIR ".libs/"
| /* end confdefs.h.  */
| #include <ac_nonexistent.h>
configure:12131: result: g++ -E
configure:12151: g++ -E  conftest.cpp
configure:12151: $? = 0
configure:12165: g++ -E  conftest.cpp
conftest.cpp:23:28: fatal error: ac_nonexistent.h: No such file or directory
 #include <ac_nonexistent.h>
                            ^
compilation terminated.
configure:12165: $? = 1
configure: failed program was:
| /* confdefs.h */
| #define PACKAGE_NAME "apigenome"
| #define PACKAGE_TARNAME "apigenome"
| #define PACKAGE_VERSION "0.0.3"
| #define PACKAGE_STRING "apigenome 0.0.3"
| #define PACKAGE_BUGREPORT "hmkang@umich.edu"
| #define PACKAGE_URL ""
| #define PACKAGE "apigenome"
| #define VERSION "0.0.3"
| #define STDC_HEADERS 1
| #define HAVE_SYS_TYPES_H 1
| #define HAVE_SYS_STAT_H 1
| #define HAVE_STDLIB_H 1
| #define HAVE_STRING_H 1
| #define HAVE_MEMORY_H 1
| #define HAVE_STRINGS_H 1
| #define HAVE_INTTYPES_H 1
| #define HAVE_STDINT_H 1
| #define HAVE_UNISTD_H 1
| #define HAVE_DLFCN_H 1
| #define LT_OBJDIR ".libs/"
| /* end confdefs.h.  */
| #include <ac_nonexistent.h>
configure:12334: checking for ld used by g++
configure:12401: result: /usr/bin/ld -m elf_x86_64
configure:12408: checking if the linker (/usr/bin/ld -m elf_x86_64) is GNU ld
configure:12423: result: yes
configure:12478: checking whether the g++ linker (/usr/bin/ld -m elf_x86_64) supports shared libraries
configure:13483: result: yes
configure:13519: g++ -c -g -O2  conftest.cpp >&5
configure:13522: $? = 0
configure:14042: checking for g++ option to produce PIC
configure:14049: result: -fPIC -DPIC
configure:14057: checking if g++ PIC flag -fPIC -DPIC works
configure:14075: g++ -c -g -O2  -fPIC -DPIC -DPIC conftest.cpp >&5
configure:14079: $? = 0
configure:14092: result: yes
configure:14115: checking if g++ static flag -static works
configure:14143: result: yes
configure:14155: checking if g++ supports -c -o file.o
configure:14176: g++ -c -g -O2  -o out/conftest2.o conftest.cpp >&5
configure:14180: $? = 0
configure:14202: result: yes
configure:14207: checking if g++ supports -c -o file.o
configure:14254: result: yes
configure:14284: checking whether the g++ linker (/usr/bin/ld -m elf_x86_64) supports shared libraries
configure:14323: result: yes
configure:14464: checking dynamic linker characteristics
configure:15143: result: GNU/Linux ld.so
configure:15196: checking how to hardcode library paths into programs
configure:15221: result: immediate
configure:15309: checking for gcc
configure:15336: result: gcc
configure:15565: checking for C compiler version
configure:15574: gcc --version >&5
gcc (Ubuntu 4.8.1-2ubuntu1~12.04) 4.8.1
Copyright (C) 2013 Free Software Foundation, Inc.
This is free software; see the source for copying conditions.  There is NO
warranty; not even for MERCHANTABILITY or FITNESS FOR A PARTICULAR PURPOSE.

configure:15585: $? = 0
configure:15574: gcc -v >&5
Using built-in specs.
COLLECT_GCC=gcc
COLLECT_LTO_WRAPPER=/usr/lib/gcc/x86_64-linux-gnu/4.8/lto-wrapper
Target: x86_64-linux-gnu
Configured with: ../src/configure -v --with-pkgversion='Ubuntu 4.8.1-2ubuntu1~12.04' --with-bugurl=file:///usr/share/doc/gcc-4.8/README.Bugs --enable-languages=c,c++,java,go,d,fortran,objc,obj-c++ --prefix=/usr --program-suffix=-4.8 --enable-shared --enable-linker-build-id --libexecdir=/usr/lib --without-included-gettext --enable-threads=posix --with-gxx-include-dir=/usr/include/c++/4.8 --libdir=/usr/lib --enable-nls --with-sysroot=/ --enable-clocale=gnu --enable-libstdcxx-debug --enable-libstdcxx-time=yes --enable-gnu-unique-object --enable-plugin --with-system-zlib --disable-browser-plugin --enable-java-awt=gtk --enable-gtk-cairo --with-java-home=/usr/lib/jvm/java-1.5.0-gcj-4.8-amd64/jre --enable-java-home --with-jvm-root-dir=/usr/lib/jvm/java-1.5.0-gcj-4.8-amd64 --with-jvm-jar-dir=/usr/lib/jvm-exports/java-1.5.0-gcj-4.8-amd64 --with-arch-directory=amd64 --with-ecj-jar=/usr/share/java/eclipse-ecj.jar --enable-objc-gc --enable-multiarch --disable-werror --with-arch-32=i686 --with-abi=m64 --with-multilib-list=m32,m64 --with-tune=generic --enable-checking=release --build=x86_64-linux-gnu --host=x86_64-linux-gnu --target=x86_64-linux-gnu
Thread model: posix
gcc version 4.8.1 (Ubuntu 4.8.1-2ubuntu1~12.04) 
configure:15585: $? = 0
configure:15574: gcc -V >&5
gcc: error: unrecognized command line option '-V'
gcc: fatal error: no input files
compilation terminated.
configure:15585: $? = 4
configure:15574: gcc -qversion >&5
gcc: error: unrecognized command line option '-qversion'
gcc: fatal error: no input files
compilation terminated.
configure:15585: $? = 4
configure:15589: checking whether we are using the GNU C compiler
configure:15617: result: yes
configure:15626: checking whether gcc accepts -g
configure:15687: result: yes
configure:15704: checking for gcc option to accept ISO C89
configure:15781: result: none needed
configure:15803: checking dependency style of gcc
configure:15914: result: gcc3
configure:15936: checking limits.h usability
configure:15936: gcc -c -g -O2  conftest.c >&5
configure:15936: $? = 0
configure:15936: result: yes
configure:15936: checking limits.h presence
configure:15936: gcc -E  conftest.c
configure:15936: $? = 0
configure:15936: result: yes
configure:15936: checking for limits.h
configure:15936: result: yes
configure:15936: checking stddef.h usability
configure:15936: gcc -c -g -O2  conftest.c >&5
configure:15936: $? = 0
configure:15936: result: yes
configure:15936: checking stddef.h presence
configure:15936: gcc -E  conftest.c
configure:15936: $? = 0
configure:15936: result: yes
configure:15936: checking for stddef.h
configure:15936: result: yes
configure:15936: checking for stdint.h
configure:15936: result: yes
configure:15936: checking for stdlib.h
configure:15936: result: yes
configure:15936: checking for string.h
configure:15936: result: yes
configure:15936: checking for unistd.h
configure:15936: result: yes
configure:15948: checking for stdbool.h that conforms to C99
configure:16015: gcc -c -g -O2  conftest.c >&5
configure:16015: $? = 0
configure:16022: result: yes
configure:16024: checking for _Bool
configure:16024: gcc -c -g -O2  conftest.c >&5
configure:16024: $? = 0
configure:16024: gcc -c -g -O2  conftest.c >&5
conftest.c: In function 'main':
conftest.c:65:20: error: expected expression before ')' token
 if (sizeof ((_Bool)))
                    ^
configure:16024: $? = 1
configure: failed program was:
| /* confdefs.h */
| #define PACKAGE_NAME "apigenome"
| #define PACKAGE_TARNAME "apigenome"
| #define PACKAGE_VERSION "0.0.3"
| #define PACKAGE_STRING "apigenome 0.0.3"
| #define PACKAGE_BUGREPORT "hmkang@umich.edu"
| #define PACKAGE_URL ""
| #define PACKAGE "apigenome"
| #define VERSION "0.0.3"
| #define STDC_HEADERS 1
| #define HAVE_SYS_TYPES_H 1
| #define HAVE_SYS_STAT_H 1
| #define HAVE_STDLIB_H 1
| #define HAVE_STRING_H 1
| #define HAVE_MEMORY_H 1
| #define HAVE_STRINGS_H 1
| #define HAVE_INTTYPES_H 1
| #define HAVE_STDINT_H 1
| #define HAVE_UNISTD_H 1
| #define HAVE_DLFCN_H 1
| #define LT_OBJDIR ".libs/"
| #define HAVE_LIMITS_H 1
| #define HAVE_STDDEF_H 1
| #define HAVE_STDINT_H 1
| #define HAVE_STDLIB_H 1
| #define HAVE_STRING_H 1
| #define HAVE_UNISTD_H 1
| /* end confdefs.h.  */
| #include <stdio.h>
| #ifdef HAVE_SYS_TYPES_H
| # include <sys/types.h>
| #endif
| #ifdef HAVE_SYS_STAT_H
| # include <sys/stat.h>
| #endif
| #ifdef STDC_HEADERS
| # include <stdlib.h>
| # include <stddef.h>
| #else
| # ifdef HAVE_STDLIB_H
| #  include <stdlib.h>
| # endif
| #endif
| #ifdef HAVE_STRING_H
| # if !defined STDC_HEADERS && defined HAVE_MEMORY_H
| #  include <memory.h>
| # endif
| # include <string.h>
| #endif
| #ifdef HAVE_STRINGS_H
| # include <strings.h>
| #endif
| #ifdef HAVE_INTTYPES_H
| # include <inttypes.h>
| #endif
| #ifdef HAVE_STDINT_H
| # include <stdint.h>
| #endif
| #ifdef HAVE_UNISTD_H
| # include <unistd.h>
| #endif
| int
| main ()
| {
| if (sizeof ((_Bool)))
| 	    return 0;
|   ;
|   return 0;
| }
configure:16024: result: yes
configure:16040: checking for inline
configure:16056: gcc -c -g -O2  conftest.c >&5
configure:16056: $? = 0
configure:16064: result: inline
configure:16082: checking for int32_t
configure:16082: gcc -c -g -O2  conftest.c >&5
configure:16082: $? = 0
configure:16082: gcc -c -g -O2  conftest.c >&5
conftest.c: In function 'main':
conftest.c:69:53: warning: integer overflow in expression [-Woverflow]
    < (int32_t) (((((int32_t) 1 << N) << N) - 1) * 2 + 2))];
                                                     ^
conftest.c:68:12: error: storage size of 'test_array' isn't constant
 static int test_array [1 - 2 * !((int32_t) (((((int32_t) 1 << N) << N) - 1) * 2 + 1)
            ^
configure:16082: $? = 1
configure: failed program was:
| /* confdefs.h */
| #define PACKAGE_NAME "apigenome"
| #define PACKAGE_TARNAME "apigenome"
| #define PACKAGE_VERSION "0.0.3"
| #define PACKAGE_STRING "apigenome 0.0.3"
| #define PACKAGE_BUGREPORT "hmkang@umich.edu"
| #define PACKAGE_URL ""
| #define PACKAGE "apigenome"
| #define VERSION "0.0.3"
| #define STDC_HEADERS 1
| #define HAVE_SYS_TYPES_H 1
| #define HAVE_SYS_STAT_H 1
| #define HAVE_STDLIB_H 1
| #define HAVE_STRING_H 1
| #define HAVE_MEMORY_H 1
| #define HAVE_STRINGS_H 1
| #define HAVE_INTTYPES_H 1
| #define HAVE_STDINT_H 1
| #define HAVE_UNISTD_H 1
| #define HAVE_DLFCN_H 1
| #define LT_OBJDIR ".libs/"
| #define HAVE_LIMITS_H 1
| #define HAVE_STDDEF_H 1
| #define HAVE_STDINT_H 1
| #define HAVE_STDLIB_H 1
| #define HAVE_STRING_H 1
| #define HAVE_UNISTD_H 1
| #define HAVE__BOOL 1
| #define HAVE_STDBOOL_H 1
| /* end confdefs.h.  */
| #include <stdio.h>
| #ifdef HAVE_SYS_TYPES_H
| # include <sys/types.h>
| #endif
| #ifdef HAVE_SYS_STAT_H
| # include <sys/stat.h>
| #endif
| #ifdef STDC_HEADERS
| # include <stdlib.h>
| # include <stddef.h>
| #else
| # ifdef HAVE_STDLIB_H
| #  include <stdlib.h>
| # endif
| #endif
| #ifdef HAVE_STRING_H
| # if !defined STDC_HEADERS && defined HAVE_MEMORY_H
| #  include <memory.h>
| # endif
| # include <string.h>
| #endif
| #ifdef HAVE_STRINGS_H
| # include <strings.h>
| #endif
| #ifdef HAVE_INTTYPES_H
| # include <inttypes.h>
| #endif
| #ifdef HAVE_STDINT_H
| # include <stdint.h>
| #endif
| #ifdef HAVE_UNISTD_H
| # include <unistd.h>
| #endif
| 	        enum { N = 32 / 2 - 1 };
| int
| main ()
| {
| static int test_array [1 - 2 * !((int32_t) (((((int32_t) 1 << N) << N) - 1) * 2 + 1)
| 		 < (int32_t) (((((int32_t) 1 << N) << N) - 1) * 2 + 2))];
| test_array [0] = 0
| 
|   ;
|   return 0;
| }
configure:16082: result: yes
configure:16093: checking for int64_t
configure:16093: gcc -c -g -O2  conftest.c >&5
configure:16093: $? = 0
configure:16093: gcc -c -g -O2  conftest.c >&5
conftest.c: In function 'main':
conftest.c:69:53: warning: integer overflow in expression [-Woverflow]
    < (int64_t) (((((int64_t) 1 << N) << N) - 1) * 2 + 2))];
                                                     ^
conftest.c:68:12: error: storage size of 'test_array' isn't constant
 static int test_array [1 - 2 * !((int64_t) (((((int64_t) 1 << N) << N) - 1) * 2 + 1)
            ^
configure:16093: $? = 1
configure: failed program was:
| /* confdefs.h */
| #define PACKAGE_NAME "apigenome"
| #define PACKAGE_TARNAME "apigenome"
| #define PACKAGE_VERSION "0.0.3"
| #define PACKAGE_STRING "apigenome 0.0.3"
| #define PACKAGE_BUGREPORT "hmkang@umich.edu"
| #define PACKAGE_URL ""
| #define PACKAGE "apigenome"
| #define VERSION "0.0.3"
| #define STDC_HEADERS 1
| #define HAVE_SYS_TYPES_H 1
| #define HAVE_SYS_STAT_H 1
| #define HAVE_STDLIB_H 1
| #define HAVE_STRING_H 1
| #define HAVE_MEMORY_H 1
| #define HAVE_STRINGS_H 1
| #define HAVE_INTTYPES_H 1
| #define HAVE_STDINT_H 1
| #define HAVE_UNISTD_H 1
| #define HAVE_DLFCN_H 1
| #define LT_OBJDIR ".libs/"
| #define HAVE_LIMITS_H 1
| #define HAVE_STDDEF_H 1
| #define HAVE_STDINT_H 1
| #define HAVE_STDLIB_H 1
| #define HAVE_STRING_H 1
| #define HAVE_UNISTD_H 1
| #define HAVE__BOOL 1
| #define HAVE_STDBOOL_H 1
| /* end confdefs.h.  */
| #include <stdio.h>
| #ifdef HAVE_SYS_TYPES_H
| # include <sys/types.h>
| #endif
| #ifdef HAVE_SYS_STAT_H
| # include <sys/stat.h>
| #endif
| #ifdef STDC_HEADERS
| # include <stdlib.h>
| # include <stddef.h>
| #else
| # ifdef HAVE_STDLIB_H
| #  include <stdlib.h>
| # endif
| #endif
| #ifdef HAVE_STRING_H
| # if !defined STDC_HEADERS && defined HAVE_MEMORY_H
| #  include <memory.h>
| # endif
| # include <string.h>
| #endif
| #ifdef HAVE_STRINGS_H
| # include <strings.h>
| #endif
| #ifdef HAVE_INTTYPES_H
| # include <inttypes.h>
| #endif
| #ifdef HAVE_STDINT_H
| # include <stdint.h>
| #endif
| #ifdef HAVE_UNISTD_H
| # include <unistd.h>
| #endif
| 	        enum { N = 64 / 2 - 1 };
| int
| main ()
| {
| static int test_array [1 - 2 * !((int64_t) (((((int64_t) 1 << N) << N) - 1) * 2 + 1)
| 		 < (int64_t) (((((int64_t) 1 << N) << N) - 1) * 2 + 2))];
| test_array [0] = 0
| 
|   ;
|   return 0;
| }
configure:16093: result: yes
configure:16104: checking for C/C++ restrict keyword
configure:16129: gcc -c -g -O2  conftest.c >&5
configure:16129: $? = 0
configure:16137: result: __restrict
configure:16150: checking for size_t
configure:16150: gcc -c -g -O2  conftest.c >&5
configure:16150: $? = 0
configure:16150: gcc -c -g -O2  conftest.c >&5
conftest.c: In function 'main':
conftest.c:68:21: error: expected expression before ')' token
 if (sizeof ((size_t)))
                     ^
configure:16150: $? = 1
configure: failed program was:
| /* confdefs.h */
| #define PACKAGE_NAME "apigenome"
| #define PACKAGE_TARNAME "apigenome"
| #define PACKAGE_VERSION "0.0.3"
| #define PACKAGE_STRING "apigenome 0.0.3"
| #define PACKAGE_BUGREPORT "hmkang@umich.edu"
| #define PACKAGE_URL ""
| #define PACKAGE "apigenome"
| #define VERSION "0.0.3"
| #define STDC_HEADERS 1
| #define HAVE_SYS_TYPES_H 1
| #define HAVE_SYS_STAT_H 1
| #define HAVE_STDLIB_H 1
| #define HAVE_STRING_H 1
| #define HAVE_MEMORY_H 1
| #define HAVE_STRINGS_H 1
| #define HAVE_INTTYPES_H 1
| #define HAVE_STDINT_H 1
| #define HAVE_UNISTD_H 1
| #define HAVE_DLFCN_H 1
| #define LT_OBJDIR ".libs/"
| #define HAVE_LIMITS_H 1
| #define HAVE_STDDEF_H 1
| #define HAVE_STDINT_H 1
| #define HAVE_STDLIB_H 1
| #define HAVE_STRING_H 1
| #define HAVE_UNISTD_H 1
| #define HAVE__BOOL 1
| #define HAVE_STDBOOL_H 1
| #define restrict __restrict
| /* end confdefs.h.  */
| #include <stdio.h>
| #ifdef HAVE_SYS_TYPES_H
| # include <sys/types.h>
| #endif
| #ifdef HAVE_SYS_STAT_H
| # include <sys/stat.h>
| #endif
| #ifdef STDC_HEADERS
| # include <stdlib.h>
| # include <stddef.h>
| #else
| # ifdef HAVE_STDLIB_H
| #  include <stdlib.h>
| # endif
| #endif
| #ifdef HAVE_STRING_H
| # if !defined STDC_HEADERS && defined HAVE_MEMORY_H
| #  include <memory.h>
| # endif
| # include <string.h>
| #endif
| #ifdef HAVE_STRINGS_H
| # include <strings.h>
| #endif
| #ifdef HAVE_INTTYPES_H
| # include <inttypes.h>
| #endif
| #ifdef HAVE_STDINT_H
| # include <stdint.h>
| #endif
| #ifdef HAVE_UNISTD_H
| # include <unistd.h>
| #endif
| int
| main ()
| {
| if (sizeof ((size_t)))
| 	    return 0;
|   ;
|   return 0;
| }
configure:16150: result: yes
configure:16161: checking for uint16_t
configure:16161: gcc -c -g -O2  conftest.c >&5
configure:16161: $? = 0
configure:16161: result: yes
configure:16173: checking for uint32_t
configure:16173: gcc -c -g -O2  conftest.c >&5
configure:16173: $? = 0
configure:16173: result: yes
configure:16187: checking for uint64_t
configure:16187: gcc -c -g -O2  conftest.c >&5
configure:16187: $? = 0
configure:16187: result: yes
configure:16201: checking for uint8_t
configure:16201: gcc -c -g -O2  conftest.c >&5
configure:16201: $? = 0
configure:16201: result: yes
configure:16215: checking for ptrdiff_t
configure:16215: gcc -c -g -O2  conftest.c >&5
configure:16215: $? = 0
configure:16215: gcc -c -g -O2  conftest.c >&5
conftest.c: In function 'main':
conftest.c:68:24: error: expected expression before ')' token
 if (sizeof ((ptrdiff_t)))
                        ^
configure:16215: $? = 1
configure: failed program was:
| /* confdefs.h */
| #define PACKAGE_NAME "apigenome"
| #define PACKAGE_TARNAME "apigenome"
| #define PACKAGE_VERSION "0.0.3"
| #define PACKAGE_STRING "apigenome 0.0.3"
| #define PACKAGE_BUGREPORT "hmkang@umich.edu"
| #define PACKAGE_URL ""
| #define PACKAGE "apigenome"
| #define VERSION "0.0.3"
| #define STDC_HEADERS 1
| #define HAVE_SYS_TYPES_H 1
| #define HAVE_SYS_STAT_H 1
| #define HAVE_STDLIB_H 1
| #define HAVE_STRING_H 1
| #define HAVE_MEMORY_H 1
| #define HAVE_STRINGS_H 1
| #define HAVE_INTTYPES_H 1
| #define HAVE_STDINT_H 1
| #define HAVE_UNISTD_H 1
| #define HAVE_DLFCN_H 1
| #define LT_OBJDIR ".libs/"
| #define HAVE_LIMITS_H 1
| #define HAVE_STDDEF_H 1
| #define HAVE_STDINT_H 1
| #define HAVE_STDLIB_H 1
| #define HAVE_STRING_H 1
| #define HAVE_UNISTD_H 1
| #define HAVE__BOOL 1
| #define HAVE_STDBOOL_H 1
| #define restrict __restrict
| /* end confdefs.h.  */
| #include <stdio.h>
| #ifdef HAVE_SYS_TYPES_H
| # include <sys/types.h>
| #endif
| #ifdef HAVE_SYS_STAT_H
| # include <sys/stat.h>
| #endif
| #ifdef STDC_HEADERS
| # include <stdlib.h>
| # include <stddef.h>
| #else
| # ifdef HAVE_STDLIB_H
| #  include <stdlib.h>
| # endif
| #endif
| #ifdef HAVE_STRING_H
| # if !defined STDC_HEADERS && defined HAVE_MEMORY_H
| #  include <memory.h>
| # endif
| # include <string.h>
| #endif
| #ifdef HAVE_STRINGS_H
| # include <strings.h>
| #endif
| #ifdef HAVE_INTTYPES_H
| # include <inttypes.h>
| #endif
| #ifdef HAVE_STDINT_H
| # include <stdint.h>
| #endif
| #ifdef HAVE_UNISTD_H
| # include <unistd.h>
| #endif
| int
| main ()
| {
| if (sizeof ((ptrdiff_t)))
| 	    return 0;
|   ;
|   return 0;
| }
configure:16215: result: yes
configure:16227: checking for error_at_line
configure:16243: gcc -o conftest -g -O2   conftest.c  >&5
configure:16243: $? = 0
configure:16251: result: yes
configure:16264: checking for stdlib.h
configure:16264: result: yes
configure:16274: checking for GNU libc compatible malloc
configure:16298: gcc -o conftest -g -O2   conftest.c  >&5
configure:16298: $? = 0
configure:16298: ./conftest
configure:16298: $? = 0
configure:16308: result: yes
configure:16329: checking whether sys/types.h defines makedev
configure:16345: gcc -o conftest -g -O2   conftest.c  >&5
configure:16345: $? = 0
configure:16354: result: yes
configure:16381: checking for stdlib.h
configure:16381: result: yes
configure:16391: checking for GNU libc compatible realloc
configure:16415: gcc -o conftest -g -O2   conftest.c  >&5
configure:16415: $? = 0
configure:16415: ./conftest
configure:16415: $? = 0
configure:16425: result: yes
configure:16446: checking for working strtod
configure:16487: gcc -o conftest -g -O2   conftest.c  >&5
conftest.c: In function 'main':
conftest.c:92:12: warning: ignoring return value of 'strtod', declared with attribute warn_unused_result [-Wunused-result]
     strtod (string, &term);
            ^
configure:16487: $? = 0
configure:16487: ./conftest
configure:16487: $? = 0
configure:16497: result: yes
configure:16562: checking for floor
configure:16562: gcc -o conftest -g -O2   conftest.c  >&5
conftest.c:60:6: warning: conflicting types for built-in function 'floor' [enabled by default]
 char floor ();
      ^
/tmp/cc6iAZkz.o: In function `main':
/home/hmkang/code/working/apigenome/conftest.c:71: undefined reference to `floor'
collect2: error: ld returned 1 exit status
configure:16562: $? = 1
configure: failed program was:
| /* confdefs.h */
| #define PACKAGE_NAME "apigenome"
| #define PACKAGE_TARNAME "apigenome"
| #define PACKAGE_VERSION "0.0.3"
| #define PACKAGE_STRING "apigenome 0.0.3"
| #define PACKAGE_BUGREPORT "hmkang@umich.edu"
| #define PACKAGE_URL ""
| #define PACKAGE "apigenome"
| #define VERSION "0.0.3"
| #define STDC_HEADERS 1
| #define HAVE_SYS_TYPES_H 1
| #define HAVE_SYS_STAT_H 1
| #define HAVE_STDLIB_H 1
| #define HAVE_STRING_H 1
| #define HAVE_MEMORY_H 1
| #define HAVE_STRINGS_H 1
| #define HAVE_INTTYPES_H 1
| #define HAVE_STDINT_H 1
| #define HAVE_UNISTD_H 1
| #define HAVE_DLFCN_H 1
| #define LT_OBJDIR ".libs/"
| #define HAVE_LIMITS_H 1
| #define HAVE_STDDEF_H 1
| #define HAVE_STDINT_H 1
| #define HAVE_STDLIB_H 1
| #define HAVE_STRING_H 1
| #define HAVE_UNISTD_H 1
| #define HAVE__BOOL 1
| #define HAVE_STDBOOL_H 1
| #define restrict __restrict
| #define HAVE_PTRDIFF_T 1
| #define HAVE_STDLIB_H 1
| #define HAVE_MALLOC 1
| #define HAVE_STDLIB_H 1
| #define HAVE_REALLOC 1
| /* end confdefs.h.  */
| /* Define floor to an innocuous variant, in case <limits.h> declares floor.
|    For example, HP-UX 11i <limits.h> declares gettimeofday.  */
| #define floor innocuous_floor
| 
| /* System header to define __stub macros and hopefully few prototypes,
|     which can conflict with char floor (); below.
|     Prefer <limits.h> to <assert.h> if __STDC__ is defined, since
|     <limits.h> exists even on freestanding compilers.  */
| 
| #ifdef __STDC__
| # include <limits.h>
| #else
| # include <assert.h>
| #endif
| 
| #undef floor
| 
| /* Override any GCC internal prototype to avoid an error.
|    Use char because int might match the return type of a GCC
|    builtin and then its argument prototype would still apply.  */
| #ifdef __cplusplus
| extern "C"
| #endif
| char floor ();
| /* The GNU C library defines this for functions which it implements
|     to always fail with ENOSYS.  Some functions are actually named
|     something starting with __ and the normal name is an alias.  */
| #if defined __stub_floor || defined __stub___floor
| choke me
| #endif
| 
| int
| main ()
| {
| return floor ();
|   ;
|   return 0;
| }
configure:16562: result: no
configure:16562: checking for gethostname
configure:16562: gcc -o conftest -g -O2   conftest.c  >&5
configure:16562: $? = 0
configure:16562: result: yes
configure:16562: checking for memset
configure:16562: gcc -o conftest -g -O2   conftest.c  >&5
conftest.c:61:6: warning: conflicting types for built-in function 'memset' [enabled by default]
 char memset ();
      ^
configure:16562: $? = 0
configure:16562: result: yes
configure:16562: checking for pow
configure:16562: gcc -o conftest -g -O2   conftest.c  >&5
conftest.c:62:6: warning: conflicting types for built-in function 'pow' [enabled by default]
 char pow ();
      ^
/tmp/cctlzZ1y.o: In function `main':
/home/hmkang/code/working/apigenome/conftest.c:73: undefined reference to `pow'
collect2: error: ld returned 1 exit status
configure:16562: $? = 1
configure: failed program was:
| /* confdefs.h */
| #define PACKAGE_NAME "apigenome"
| #define PACKAGE_TARNAME "apigenome"
| #define PACKAGE_VERSION "0.0.3"
| #define PACKAGE_STRING "apigenome 0.0.3"
| #define PACKAGE_BUGREPORT "hmkang@umich.edu"
| #define PACKAGE_URL ""
| #define PACKAGE "apigenome"
| #define VERSION "0.0.3"
| #define STDC_HEADERS 1
| #define HAVE_SYS_TYPES_H 1
| #define HAVE_SYS_STAT_H 1
| #define HAVE_STDLIB_H 1
| #define HAVE_STRING_H 1
| #define HAVE_MEMORY_H 1
| #define HAVE_STRINGS_H 1
| #define HAVE_INTTYPES_H 1
| #define HAVE_STDINT_H 1
| #define HAVE_UNISTD_H 1
| #define HAVE_DLFCN_H 1
| #define LT_OBJDIR ".libs/"
| #define HAVE_LIMITS_H 1
| #define HAVE_STDDEF_H 1
| #define HAVE_STDINT_H 1
| #define HAVE_STDLIB_H 1
| #define HAVE_STRING_H 1
| #define HAVE_UNISTD_H 1
| #define HAVE__BOOL 1
| #define HAVE_STDBOOL_H 1
| #define restrict __restrict
| #define HAVE_PTRDIFF_T 1
| #define HAVE_STDLIB_H 1
| #define HAVE_MALLOC 1
| #define HAVE_STDLIB_H 1
| #define HAVE_REALLOC 1
| #define HAVE_GETHOSTNAME 1
| #define HAVE_MEMSET 1
| /* end confdefs.h.  */
| /* Define pow to an innocuous variant, in case <limits.h> declares pow.
|    For example, HP-UX 11i <limits.h> declares gettimeofday.  */
| #define pow innocuous_pow
| 
| /* System header to define __stub macros and hopefully few prototypes,
|     which can conflict with char pow (); below.
|     Prefer <limits.h> to <assert.h> if __STDC__ is defined, since
|     <limits.h> exists even on freestanding compilers.  */
| 
| #ifdef __STDC__
| # include <limits.h>
| #else
| # include <assert.h>
| #endif
| 
| #undef pow
| 
| /* Override any GCC internal prototype to avoid an error.
|    Use char because int might match the return type of a GCC
|    builtin and then its argument prototype would still apply.  */
| #ifdef __cplusplus
| extern "C"
| #endif
| char pow ();
| /* The GNU C library defines this for functions which it implements
|     to always fail with ENOSYS.  Some functions are actually named
|     something starting with __ and the normal name is an alias.  */
| #if defined __stub_pow || defined __stub___pow
| choke me
| #endif
| 
| int
| main ()
| {
| return pow ();
|   ;
|   return 0;
| }
configure:16562: result: no
configure:16562: checking for select
configure:16562: gcc -o conftest -g -O2   conftest.c  >&5
configure:16562: $? = 0
configure:16562: result: yes
configure:16562: checking for sqrt
configure:16562: gcc -o conftest -g -O2   conftest.c  >&5
conftest.c:63:6: warning: conflicting types for built-in function 'sqrt' [enabled by default]
 char sqrt ();
      ^
/tmp/cc75UemD.o: In function `main':
/home/hmkang/code/working/apigenome/conftest.c:74: undefined reference to `sqrt'
collect2: error: ld returned 1 exit status
configure:16562: $? = 1
configure: failed program was:
| /* confdefs.h */
| #define PACKAGE_NAME "apigenome"
| #define PACKAGE_TARNAME "apigenome"
| #define PACKAGE_VERSION "0.0.3"
| #define PACKAGE_STRING "apigenome 0.0.3"
| #define PACKAGE_BUGREPORT "hmkang@umich.edu"
| #define PACKAGE_URL ""
| #define PACKAGE "apigenome"
| #define VERSION "0.0.3"
| #define STDC_HEADERS 1
| #define HAVE_SYS_TYPES_H 1
| #define HAVE_SYS_STAT_H 1
| #define HAVE_STDLIB_H 1
| #define HAVE_STRING_H 1
| #define HAVE_MEMORY_H 1
| #define HAVE_STRINGS_H 1
| #define HAVE_INTTYPES_H 1
| #define HAVE_STDINT_H 1
| #define HAVE_UNISTD_H 1
| #define HAVE_DLFCN_H 1
| #define LT_OBJDIR ".libs/"
| #define HAVE_LIMITS_H 1
| #define HAVE_STDDEF_H 1
| #define HAVE_STDINT_H 1
| #define HAVE_STDLIB_H 1
| #define HAVE_STRING_H 1
| #define HAVE_UNISTD_H 1
| #define HAVE__BOOL 1
| #define HAVE_STDBOOL_H 1
| #define restrict __restrict
| #define HAVE_PTRDIFF_T 1
| #define HAVE_STDLIB_H 1
| #define HAVE_MALLOC 1
| #define HAVE_STDLIB_H 1
| #define HAVE_REALLOC 1
| #define HAVE_GETHOSTNAME 1
| #define HAVE_MEMSET 1
| #define HAVE_SELECT 1
| /* end confdefs.h.  */
| /* Define sqrt to an innocuous variant, in case <limits.h> declares sqrt.
|    For example, HP-UX 11i <limits.h> declares gettimeofday.  */
| #define sqrt innocuous_sqrt
| 
| /* System header to define __stub macros and hopefully few prototypes,
|     which can conflict with char sqrt (); below.
|     Prefer <limits.h> to <assert.h> if __STDC__ is defined, since
|     <limits.h> exists even on freestanding compilers.  */
| 
| #ifdef __STDC__
| # include <limits.h>
| #else
| # include <assert.h>
| #endif
| 
| #undef sqrt
| 
| /* Override any GCC internal prototype to avoid an error.
|    Use char because int might match the return type of a GCC
|    builtin and then its argument prototype would still apply.  */
| #ifdef __cplusplus
| extern "C"
| #endif
| char sqrt ();
| /* The GNU C library defines this for functions which it implements
|     to always fail with ENOSYS.  Some functions are actually named
|     something starting with __ and the normal name is an alias.  */
| #if defined __stub_sqrt || defined __stub___sqrt
| choke me
| #endif
| 
| int
| main ()
| {
| return sqrt ();
|   ;
|   return 0;
| }
configure:16562: result: no
configure:16562: checking for strchr
configure:16562: gcc -o conftest -g -O2   conftest.c  >&5
conftest.c:63:6: warning: conflicting types for built-in function 'strchr' [enabled by default]
 char strchr ();
      ^
configure:16562: $? = 0
configure:16562: result: yes
configure:16562: checking for strstr
configure:16562: gcc -o conftest -g -O2   conftest.c  >&5
conftest.c:64:6: warning: conflicting types for built-in function 'strstr' [enabled by default]
 char strstr ();
      ^
configure:16562: $? = 0
configure:16562: result: yes
configure:16562: checking for strtol
configure:16562: gcc -o conftest -g -O2   conftest.c  >&5
configure:16562: $? = 0
configure:16562: result: yes
configure:16571: checking for gzopen in -lz
configure:16596: gcc -o conftest -g -O2   conftest.c -lz   >&5
configure:16596: $? = 0
configure:16605: result: yes
configure:16618: checking for erf in -lm
configure:16643: gcc -o conftest -g -O2   conftest.c -lm  -lz  >&5
conftest.c:51:6: warning: conflicting types for built-in function 'erf' [enabled by default]
 char erf ();
      ^
configure:16643: $? = 0
configure:16652: result: yes
configure:16660: checking for erfc in -lm
configure:16685: gcc -o conftest -g -O2   conftest.c -lm  -lz  >&5
conftest.c:52:6: warning: conflicting types for built-in function 'erfc' [enabled by default]
 char erfc ();
      ^
configure:16685: $? = 0
configure:16694: result: yes
configure:16708: checking for perl
configure:16724: found /usr/bin/perl
configure:16735: result: yes
configure:16750: checking for gs
configure:16766: found /usr/bin/gs
configure:16777: result: yes
configure:16792: checking for Rscript
configure:16808: found /usr/bin/Rscript
configure:16819: result: yes
configure:16834: checking for R
configure:16850: found /usr/bin/R
configure:16861: result: yes
configure:16876: checking for grep
configure:16892: found /bin/grep
configure:16903: result: yes
configure:16918: checking for mv
configure:16934: found /bin/mv
configure:16945: result: yes
configure:16960: checking for rm
configure:16976: found /bin/rm
configure:16987: result: yes
configure:17002: checking for make
configure:17018: found /usr/bin/make
configure:17029: result: yes
configure:17044: checking for cat
configure:17060: found /bin/cat
configure:17071: result: yes
configure:17086: checking for cut
configure:17102: found /usr/bin/cut
configure:17113: result: yes
configure:17128: checking for dirname
configure:17144: found /usr/bin/dirname
configure:17155: result: yes
configure:17170: checking for head
configure:17186: found /usr/bin/head
configure:17197: result: yes
configure:17212: checking for mkdir
configure:17228: found /bin/mkdir
configure:17239: result: yes
configure:17254: checking for sort
configure:17270: found /usr/bin/sort
configure:17281: result: yes
configure:17296: checking for zcat
configure:17312: found /bin/zcat
configure:17323: result: yes
configure:17338: checking for groff
configure:17354: found /home/hmkang/bin/groff
configure:17365: result: yes
configure:17380: checking for pfbtops
configure:17396: found /home/hmkang/bin/pfbtops
configure:17407: result: yes
configure:17422: checking for gnuplot
configure:17438: found /home/hmkang/bin/gnuplot
configure:17449: result: yes
configure:17601: creating ./config.status

## ---------------- ##
## Cache variables. ##
## ---------------- ##

ac_cv_build=x86_64-unknown-linux-gnu
ac_cv_c_compiler_gnu=yes
ac_cv_c_inline=inline
ac_cv_c_int32_t=yes
ac_cv_c_int64_t=yes
ac_cv_c_restrict=__restrict
ac_cv_c_uint16_t=yes
ac_cv_c_uint32_t=yes
ac_cv_c_uint64_t=yes
ac_cv_c_uint8_t=yes
ac_cv_cxx_compiler_gnu=yes
ac_cv_env_CCC_set=
ac_cv_env_CCC_value=
ac_cv_env_CC_set=
ac_cv_env_CC_value=
ac_cv_env_CFLAGS_set=
ac_cv_env_CFLAGS_value=
ac_cv_env_CPPFLAGS_set=
ac_cv_env_CPPFLAGS_value=
ac_cv_env_CPP_set=
ac_cv_env_CPP_value=
ac_cv_env_CXXCPP_set=
ac_cv_env_CXXCPP_value=
ac_cv_env_CXXFLAGS_set=
ac_cv_env_CXXFLAGS_value=
ac_cv_env_CXX_set=
ac_cv_env_CXX_value=
ac_cv_env_LDFLAGS_set=
ac_cv_env_LDFLAGS_value=
ac_cv_env_LIBS_set=
ac_cv_env_LIBS_value=
ac_cv_env_build_alias_set=
ac_cv_env_build_alias_value=
ac_cv_env_host_alias_set=
ac_cv_env_host_alias_value=
ac_cv_env_target_alias_set=
ac_cv_env_target_alias_value=
ac_cv_func_floor=no
ac_cv_func_gethostname=yes
ac_cv_func_malloc_0_nonnull=yes
ac_cv_func_memset=yes
ac_cv_func_pow=no
ac_cv_func_realloc_0_nonnull=yes
ac_cv_func_select=yes
ac_cv_func_sqrt=no
ac_cv_func_strchr=yes
ac_cv_func_strstr=yes
ac_cv_func_strtod=yes
ac_cv_func_strtol=yes
ac_cv_header_dlfcn_h=yes
ac_cv_header_inttypes_h=yes
ac_cv_header_limits_h=yes
ac_cv_header_memory_h=yes
ac_cv_header_stdbool_h=yes
ac_cv_header_stdc=yes
ac_cv_header_stddef_h=yes
ac_cv_header_stdint_h=yes
ac_cv_header_stdlib_h=yes
ac_cv_header_string_h=yes
ac_cv_header_strings_h=yes
ac_cv_header_sys_stat_h=yes
ac_cv_header_sys_types_h=yes
ac_cv_header_sys_types_h_makedev=yes
ac_cv_header_unistd_h=yes
ac_cv_host=x86_64-unknown-linux-gnu
ac_cv_lib_error_at_line=yes
ac_cv_lib_m_erf=yes
ac_cv_lib_m_erfc=yes
ac_cv_lib_z_gzopen=yes
ac_cv_objext=o
ac_cv_path_EGREP='/bin/grep -E'
ac_cv_path_FGREP='/bin/grep -F'
ac_cv_path_GREP=/bin/grep
ac_cv_path_SED=/bin/sed
ac_cv_path_install='/usr/bin/install -c'
ac_cv_path_mkdir=/bin/mkdir
ac_cv_prog_AWK=gawk
ac_cv_prog_CAT_CHECK=yes
ac_cv_prog_CPP='gcc -E'
ac_cv_prog_CUT_CHECK=yes
ac_cv_prog_CXXCPP='g++ -E'
ac_cv_prog_DIRNAME_CHECK=yes
ac_cv_prog_GNUPLOT_CHECK=yes
ac_cv_prog_GREP_CHECK=yes
ac_cv_prog_GROFF_CHECK=yes
ac_cv_prog_GS_CHECK=yes
ac_cv_prog_HEAD_CHECK=yes
ac_cv_prog_MAKE_CHECK=yes
ac_cv_prog_MKDIR_CHECK=yes
ac_cv_prog_MV_CHECK=yes
ac_cv_prog_PERL_CHECK=yes
ac_cv_prog_PFBTOPS_CHECK=yes
ac_cv_prog_RM_CHECK=yes
ac_cv_prog_RSCRIPT_CHECK=yes
ac_cv_prog_R_CHECK=yes
ac_cv_prog_SORT_CHECK=yes
ac_cv_prog_ZCAT_CHECK=yes
ac_cv_prog_ac_ct_AR=ar
ac_cv_prog_ac_ct_CC=gcc
ac_cv_prog_ac_ct_CXX=g++
ac_cv_prog_ac_ct_MANIFEST_TOOL=mt
ac_cv_prog_ac_ct_OBJDUMP=objdump
ac_cv_prog_ac_ct_RANLIB=ranlib
ac_cv_prog_ac_ct_STRIP=strip
ac_cv_prog_cc_c89=
ac_cv_prog_cc_g=yes
ac_cv_prog_cxx_g=yes
ac_cv_prog_make_make_set=yes
ac_cv_type__Bool=yes
ac_cv_type_ptrdiff_t=yes
ac_cv_type_size_t=yes
am_cv_CC_dependencies_compiler_type=gcc3
am_cv_CXX_dependencies_compiler_type=gcc3
lt_cv_ar_at_file=@
lt_cv_archive_cmds_need_lc=no
lt_cv_deplibs_check_method=pass_all
lt_cv_file_magic_cmd='$MAGIC_CMD'
lt_cv_file_magic_test_file=
lt_cv_ld_reload_flag=-r
lt_cv_nm_interface='BSD nm'
lt_cv_objdir=.libs
lt_cv_path_LD=/usr/bin/ld
lt_cv_path_LDCXX='/usr/bin/ld -m elf_x86_64'
lt_cv_path_NM='/usr/bin/nm -B'
lt_cv_path_mainfest_tool=no
lt_cv_prog_compiler_c_o=yes
lt_cv_prog_compiler_c_o_CXX=yes
lt_cv_prog_compiler_pic='-fPIC -DPIC'
lt_cv_prog_compiler_pic_CXX='-fPIC -DPIC'
lt_cv_prog_compiler_pic_works=yes
lt_cv_prog_compiler_pic_works_CXX=yes
lt_cv_prog_compiler_rtti_exceptions=no
lt_cv_prog_compiler_static_works=yes
lt_cv_prog_compiler_static_works_CXX=yes
lt_cv_prog_gnu_ld=yes
lt_cv_prog_gnu_ldcxx=yes
lt_cv_sharedlib_from_linklib_cmd='printf %s\n'
lt_cv_shlibpath_overrides_runpath=no
lt_cv_sys_global_symbol_pipe='sed -n -e '\''s/^.*[	 ]\([ABCDGIRSTW][ABCDGIRSTW]*\)[	 ][	 ]*\([_A-Za-z][_A-Za-z0-9]*\)$/\1 \2 \2/p'\'' | sed '\''/ __gnu_lto/d'\'''
lt_cv_sys_global_symbol_to_c_name_address='sed -n -e '\''s/^: \([^ ]*\)[ ]*$/  {\"\1\", (void *) 0},/p'\'' -e '\''s/^[ABCDGIRSTW]* \([^ ]*\) \([^ ]*\)$/  {"\2", (void *) \&\2},/p'\'''
lt_cv_sys_global_symbol_to_c_name_address_lib_prefix='sed -n -e '\''s/^: \([^ ]*\)[ ]*$/  {\"\1\", (void *) 0},/p'\'' -e '\''s/^[ABCDGIRSTW]* \([^ ]*\) \(lib[^ ]*\)$/  {"\2", (void *) \&\2},/p'\'' -e '\''s/^[ABCDGIRSTW]* \([^ ]*\) \([^ ]*\)$/  {"lib\2", (void *) \&\2},/p'\'''
lt_cv_sys_global_symbol_to_cdecl='sed -n -e '\''s/^T .* \(.*\)$/extern int \1();/p'\'' -e '\''s/^[ABCDGIRSTW]* .* \(.*\)$/extern char \1;/p'\'''
lt_cv_sys_max_cmd_len=3458764513820540925
lt_cv_to_host_file_cmd=func_convert_file_noop
lt_cv_to_tool_file_cmd=func_convert_file_noop

## ----------------- ##
## Output variables. ##
## ----------------- ##

ACLOCAL='${SHELL} /home/hmkang/code/working/apigenome/missing --run aclocal-1.11'
AMDEPBACKSLASH='\'
AMDEP_FALSE='#'
AMDEP_TRUE=''
AMTAR='$${TAR-tar}'
AR='ar'
AUTOCONF='${SHELL} /home/hmkang/code/working/apigenome/missing --run autoconf'
AUTOHEADER='${SHELL} /home/hmkang/code/working/apigenome/missing --run autoheader'
AUTOMAKE='${SHELL} /home/hmkang/code/working/apigenome/missing --run automake-1.11'
AWK='gawk'
CAT_CHECK='yes'
CC='gcc'
CCDEPMODE='depmode=gcc3'
CFLAGS='-g -O2'
CPP='gcc -E'
CPPFLAGS=''
CUT_CHECK='yes'
CXX='g++'
CXXCPP='g++ -E'
CXXDEPMODE='depmode=gcc3'
CXXFLAGS='-g -O2'
CYGPATH_W='echo'
DEFS='-DHAVE_CONFIG_H'
DEPDIR='.deps'
DIRNAME_CHECK='yes'
DLLTOOL='false'
DSYMUTIL=''
DUMPBIN=''
ECHO_C=''
ECHO_N='-n'
ECHO_T=''
EGREP='/bin/grep -E'
EXEEXT=''
FGREP='/bin/grep -F'
GNUPLOT_CHECK='yes'
GREP='/bin/grep'
GREP_CHECK='yes'
GROFF_CHECK='yes'
GS_CHECK='yes'
HEAD_CHECK='yes'
INSTALL_DATA='${INSTALL} -m 644'
INSTALL_PROGRAM='${INSTALL}'
INSTALL_SCRIPT='${INSTALL}'
INSTALL_STRIP_PROGRAM='$(install_sh) -c -s'
LD='/usr/bin/ld -m elf_x86_64'
LDFLAGS=''
LIBOBJS=''
LIBS='-lz '
LIBTOOL='$(SHELL) $(top_builddir)/libtool'
LIPO=''
LN_S='ln -s'
LTLIBOBJS=''
MAKEINFO='${SHELL} /home/hmkang/code/working/apigenome/missing --run makeinfo'
MAKE_CHECK='yes'
MANIFEST_TOOL=':'
MKDIR_CHECK='yes'
MKDIR_P='/bin/mkdir -p'
MV_CHECK='yes'
NM='/usr/bin/nm -B'
NMEDIT=''
OBJDUMP='objdump'
OBJEXT='o'
OTOOL64=''
OTOOL=''
PACKAGE='apigenome'
PACKAGE_BUGREPORT='hmkang@umich.edu'
PACKAGE_NAME='apigenome'
PACKAGE_STRING='apigenome 0.0.3'
PACKAGE_TARNAME='apigenome'
PACKAGE_URL=''
PACKAGE_VERSION='0.0.3'
PATH_SEPARATOR=':'
PERL_CHECK='yes'
PFBTOPS_CHECK='yes'
POW_LIB=''
RANLIB='ranlib'
RM_CHECK='yes'
RSCRIPT_CHECK='yes'
R_CHECK='yes'
SED='/bin/sed'
SET_MAKE=''
SHELL='/bin/sh'
SORT_CHECK='yes'
STRIP='strip'
VERSION='0.0.3'
ZCAT_CHECK='yes'
ac_ct_AR='ar'
ac_ct_CC='gcc'
ac_ct_CXX='g++'
ac_ct_DUMPBIN=''
am__EXEEXT_FALSE=''
am__EXEEXT_TRUE='#'
am__fastdepCC_FALSE='#'
am__fastdepCC_TRUE=''
am__fastdepCXX_FALSE='#'
am__fastdepCXX_TRUE=''
am__include='include'
am__isrc=''
am__leading_dot='.'
am__nodep='_no'
am__quote=''
am__tar='$${TAR-tar} chof - "$$tardir"'
am__untar='$${TAR-tar} xf -'
bindir='${exec_prefix}/bin'
build='x86_64-unknown-linux-gnu'
build_alias=''
build_cpu='x86_64'
build_os='linux-gnu'
build_vendor='unknown'
datadir='${datarootdir}'
datarootdir='${prefix}/share'
docdir='${datarootdir}/doc/${PACKAGE_TARNAME}'
dvidir='${docdir}'
exec_prefix='${prefix}'
host='x86_64-unknown-linux-gnu'
host_alias=''
host_cpu='x86_64'
host_os='linux-gnu'
host_vendor='unknown'
htmldir='${docdir}'
includedir='${prefix}/include'
infodir='${datarootdir}/info'
install_sh='${SHELL} /home/hmkang/code/working/apigenome/install-sh'
libdir='${exec_prefix}/lib'
libexecdir='${exec_prefix}/libexec'
localedir='${datarootdir}/locale'
localstatedir='${prefix}/var'
mandir='${datarootdir}/man'
mkdir_p='/bin/mkdir -p'
oldincludedir='/usr/include'
pdfdir='${docdir}'
prefix='/net/fantasia/home/hmkang/tools/tmpdir'
program_transform_name='s,x,x,'
psdir='${docdir}'
sbindir='${exec_prefix}/sbin'
sharedstatedir='${prefix}/com'
sysconfdir='${prefix}/etc'
target_alias=''

## ----------- ##
## confdefs.h. ##
## ----------- ##

/* confdefs.h */
#define PACKAGE_NAME "apigenome"
#define PACKAGE_TARNAME "apigenome"
#define PACKAGE_VERSION "0.0.3"
#define PACKAGE_STRING "apigenome 0.0.3"
#define PACKAGE_BUGREPORT "hmkang@umich.edu"
#define PACKAGE_URL ""
#define PACKAGE "apigenome"
#define VERSION "0.0.3"
#define STDC_HEADERS 1
#define HAVE_SYS_TYPES_H 1
#define HAVE_SYS_STAT_H 1
#define HAVE_STDLIB_H 1
#define HAVE_STRING_H 1
#define HAVE_MEMORY_H 1
#define HAVE_STRINGS_H 1
#define HAVE_INTTYPES_H 1
#define HAVE_STDINT_H 1
#define HAVE_UNISTD_H 1
#define HAVE_DLFCN_H 1
#define LT_OBJDIR ".libs/"
#define HAVE_LIMITS_H 1
#define HAVE_STDDEF_H 1
#define HAVE_STDINT_H 1
#define HAVE_STDLIB_H 1
#define HAVE_STRING_H 1
#define HAVE_UNISTD_H 1
#define HAVE__BOOL 1
#define HAVE_STDBOOL_H 1
#define restrict __restrict
#define HAVE_PTRDIFF_T 1
#define HAVE_STDLIB_H 1
#define HAVE_MALLOC 1
#define HAVE_STDLIB_H 1
#define HAVE_REALLOC 1
#define HAVE_GETHOSTNAME 1
#define HAVE_MEMSET 1
#define HAVE_SELECT 1
#define HAVE_STRCHR 1
#define HAVE_STRSTR 1
#define HAVE_STRTOL 1
#define HAVE_LIBZ 1
#define HAVE_ERF 1
#define HAVE_ERFC 1

configure: exit 0

## ---------------------- ##
## Running config.status. ##
## ---------------------- ##

This file was extended by apigenome config.status 0.0.3, which was
generated by GNU Autoconf 2.68.  Invocation command line was

  CONFIG_FILES    = 
  CONFIG_HEADERS  = 
  CONFIG_LINKS    = 
  CONFIG_COMMANDS = 
  $ ./config.status 

on fantasia

config.status:1197: creating Makefile
config.status:1197: creating htslib/Makefile
config.status:1197: creating src/Makefile
config.status:1197: creating scripts/Makefile
config.status:1197: creating data/Makefile
config.status:1197: creating config.h
config.status:1426: executing depfiles commands
config.status:1426: executing libtool commands

## ---------------------- ##
## Running config.status. ##
## ---------------------- ##

This file was extended by apigenome config.status 0.0.3, which was
generated by GNU Autoconf 2.68.  Invocation command line was

  CONFIG_FILES    = 
  CONFIG_HEADERS  = 
  CONFIG_LINKS    = 
  CONFIG_COMMANDS = 
  $ ./config.status src/Makefile depfiles

on fantasia

config.status:1197: creating src/Makefile
config.status:1426: executing depfiles commands

## ---------------------- ##
## Running config.status. ##
## ---------------------- ##

This file was extended by apigenome config.status 0.0.3, which was
generated by GNU Autoconf 2.68.  Invocation command line was

  CONFIG_FILES    = 
  CONFIG_HEADERS  = 
  CONFIG_LINKS    = 
  CONFIG_COMMANDS = 
  $ ./config.status src/Makefile depfiles

on fantasia

config.status:1197: creating src/Makefile
config.status:1426: executing depfiles commands

## ---------------------- ##
## Running config.status. ##
## ---------------------- ##

This file was extended by apigenome config.status 0.0.3, which was
generated by GNU Autoconf 2.68.  Invocation command line was

  CONFIG_FILES    = 
  CONFIG_HEADERS  = 
  CONFIG_LINKS    = 
  CONFIG_COMMANDS = 
  $ ./config.status src/Makefile depfiles

on fantasia

config.status:1197: creating src/Makefile
config.status:1426: executing depfiles commands

## ---------------------- ##
## Running config.status. ##
## ---------------------- ##

This file was extended by apigenome config.status 0.0.3, which was
generated by GNU Autoconf 2.68.  Invocation command line was

  CONFIG_FILES    = 
  CONFIG_HEADERS  = 
  CONFIG_LINKS    = 
  CONFIG_COMMANDS = 
  $ ./config.status src/Makefile depfiles

on fantasia

config.status:1197: creating src/Makefile
config.status:1426: executing depfiles commands

## ---------------------- ##
## Running config.status. ##
## ---------------------- ##

This file was extended by apigenome config.status 0.0.3, which was
generated by GNU Autoconf 2.68.  Invocation command line was

  CONFIG_FILES    = 
  CONFIG_HEADERS  = 
  CONFIG_LINKS    = 
  CONFIG_COMMANDS = 
  $ ./config.status src/Makefile depfiles

on fantasia

config.status:1197: creating src/Makefile
config.status:1426: executing depfiles commands

## ---------------------- ##
## Running config.status. ##
## ---------------------- ##

This file was extended by apigenome config.status 0.0.3, which was
generated by GNU Autoconf 2.68.  Invocation command line was

  CONFIG_FILES    = 
  CONFIG_HEADERS  = 
  CONFIG_LINKS    = 
  CONFIG_COMMANDS = 
  $ ./config.status src/Makefile depfiles

on fantasia

config.status:1197: creating src/Makefile
config.status:1426: executing depfiles commands

## ---------------------- ##
## Running config.status. ##
## ---------------------- ##

This file was extended by apigenome config.status 0.0.3, which was
generated by GNU Autoconf 2.68.  Invocation command line was

  CONFIG_FILES    = 
  CONFIG_HEADERS  = 
  CONFIG_LINKS    = 
  CONFIG_COMMANDS = 
  $ ./config.status src/Makefile depfiles

on fantasia

config.status:1197: creating src/Makefile
config.status:1426: executing depfiles commands

## ---------------------- ##
## Running config.status. ##
## ---------------------- ##

This file was extended by apigenome config.status 0.0.3, which was
generated by GNU Autoconf 2.68.  Invocation command line was

  CONFIG_FILES    = 
  CONFIG_HEADERS  = 
  CONFIG_LINKS    = 
  CONFIG_COMMANDS = 
  $ ./config.status src/Makefile depfiles

on fantasia

config.status:1197: creating src/Makefile
config.status:1426: executing depfiles commands

## ---------------------- ##
## Running config.status. ##
## ---------------------- ##

This file was extended by apigenome config.status 0.0.3, which was
generated by GNU Autoconf 2.68.  Invocation command line was

  CONFIG_FILES    = 
  CONFIG_HEADERS  = 
  CONFIG_LINKS    = 
  CONFIG_COMMANDS = 
  $ ./config.status src/Makefile depfiles

on fantasia

config.status:1197: creating src/Makefile
config.status:1426: executing depfiles commands

## ---------------------- ##
## Running config.status. ##
## ---------------------- ##

This file was extended by apigenome config.status 0.0.3, which was
generated by GNU Autoconf 2.68.  Invocation command line was

  CONFIG_FILES    = 
  CONFIG_HEADERS  = 
  CONFIG_LINKS    = 
  CONFIG_COMMANDS = 
  $ ./config.status htslib/Makefile depfiles

on fantasia

config.status:1197: creating htslib/Makefile
config.status:1426: executing depfiles commands

## ---------------------- ##
## Running config.status. ##
## ---------------------- ##

This file was extended by apigenome config.status 0.0.3, which was
generated by GNU Autoconf 2.68.  Invocation command line was

  CONFIG_FILES    = 
  CONFIG_HEADERS  = 
  CONFIG_LINKS    = 
  CONFIG_COMMANDS = 
  $ ./config.status config.h

on fantasia

config.status:1197: creating config.h
config.status:1378: config.h is unchanged
